date,time,m1,m2,m3,m4
20160903,21:35:21, 0,0,0,0
20160903,21:35:41, 1,0,0,0
20160903,21:36:01, 1,0,0,0
20160903,21:36:21, 0,0,0,0
20160903,21:36:41, 0,0,0,0
20160903,21:37:01, 0,0,0,0
20160903,21:37:21, 1,0,0,0
20160903,21:37:41, 1,0,0,0
20160903,21:38:01, 0,0,0,0
20160903,21:38:21, 0,0,0,0
20160903,21:38:41, 0,0,0,0
20160903,21:39:01, 1,0,0,0
20160903,21:39:21, 1,0,0,0
20160903,21:39:41, 0,0,0,0
20160903,21:40:01, 0,0,0,0
20160903,21:40:21, 0,0,0,0
20160903,21:40:41, 1,0,0,0
20160903,21:41:01, 1,0,0,0
20160903,21:41:21, 0,0,0,0
20160903,21:41:41, 0,0,0,0
20160903,21:42:01, 0,0,0,0
20160903,21:42:21, 1,0,0,0
20160903,21:42:41, 1,0,0,0
20160903,21:43:01, 0,0,0,0
20160903,21:43:21, 0,0,0,0
20160903,21:43:41, 0,0,0,0
20160903,21:44:01, 1,0,0,0
20160903,21:44:21, 1,0,0,0
20160903,21:44:41, 0,0,0,0
20160903,21:45:01, 0,0,0,0
20160903,21:45:21, 0,0,0,0
20160903,21:45:41, 1,0,0,0
20160903,21:46:01, 1,0,0,0
20160903,21:46:21, 0,0,0,0
20160903,21:46:41, 0,0,0,0
20160903,21:47:01, 0,0,0,0
20160903,21:47:21, 1,0,0,0
20160903,21:47:41, 1,0,0,0
20160903,21:48:01, 0,0,0,0
20160903,21:48:21, 0,0,0,0
20160903,21:48:41, 0,0,0,0
20160903,21:49:01, 1,0,0,0
20160903,21:49:21, 1,0,0,0
20160903,21:49:41, 0,0,0,0
20160903,21:50:01, 0,0,0,0
20160903,21:50:21, 0,0,0,0
20160903,21:50:41, 1,0,0,0
20160903,21:51:01, 1,0,0,0
20160903,21:51:21, 0,0,0,0
20160903,21:51:41, 0,0,0,0
20160903,21:52:01, 0,0,0,0
20160903,21:52:26, 0,1,0,0
20160903,21:52:52, 0,1,0,0
20160903,21:53:15, 0,0,0,0
20160903,21:53:35, 0,0,0,0
20160903,21:53:55, 0,0,0,0
20160903,21:54:20, 0,1,0,0
20160903,21:54:45, 0,1,0,0
20160903,21:55:09, 0,0,0,0
20160903,21:55:29, 0,0,0,0
20160903,21:55:49, 0,0,0,0
20160903,21:56:15, 0,1,0,0
20160903,21:56:37, 0,1,0,0
20160903,21:57:00, 0,0,0,0
20160903,21:57:20, 0,0,0,0
20160903,21:57:40, 0,0,0,0
20160903,21:58:04, 0,1,0,0
20160903,21:58:25, 0,1,0,0
20160903,21:58:50, 0,0,0,0
20160903,21:59:10, 0,0,0,0
20160903,21:59:30, 0,0,0,0
20160903,21:59:52, 0,1,0,0
20160903,22:00:15, 0,1,0,0
20160903,22:00:42, 0,0,0,0
20160903,22:01:02, 0,0,0,0
20160903,22:01:22, 0,0,0,0
20160903,22:01:46, 0,1,0,0
20160903,22:02:07, 0,1,0,0
20160903,22:02:30, 0,0,0,0
20160903,22:02:50, 0,0,0,0
20160903,22:03:10, 0,0,0,0
20160903,22:03:34, 0,1,0,0
20160903,22:03:56, 0,1,0,0
20160903,22:04:20, 0,0,0,0
20160903,22:04:40, 0,0,0,0
20160903,22:05:00, 0,0,0,0
20160903,22:05:22, 0,1,0,0
20160903,22:05:45, 0,1,0,0
20160903,22:06:10, 0,0,0,0
20160903,22:06:30, 0,0,0,0
20160903,22:06:50, 0,0,0,0
20160903,22:07:15, 0,1,0,0
20160903,22:07:40, 0,1,0,0
20160903,22:08:05, 0,0,0,0
20160903,22:08:25, 0,0,0,0
20160903,22:08:45, 0,0,0,0
20160903,22:09:10, 0,1,0,0
20160903,22:09:35, 0,1,0,0
20160903,22:09:57, 0,0,0,0
20160903,22:10:17, 0,0,0,0
20160903,22:10:37, 0,0,0,0
20160903,22:11:00, 0,0,1,0
20160903,22:11:24, 0,0,1,0
20160903,22:11:45, 0,0,0,0
20160903,22:12:05, 0,0,0,0
20160903,22:12:25, 0,0,0,0
20160903,22:12:46, 0,0,1,0
20160903,22:13:07, 0,0,1,0
20160903,22:13:29, 0,0,0,0
20160903,22:13:49, 0,0,0,0
20160903,22:14:09, 0,0,0,0
20160903,22:14:30, 0,0,1,0
20160903,22:14:51, 0,0,1,0
20160903,22:15:15, 0,0,0,0
20160903,22:15:35, 0,0,0,0
20160903,22:15:55, 0,0,0,0
20160903,22:16:17, 0,0,1,0
20160903,22:16:39, 0,0,1,0
20160903,22:17:03, 0,0,0,0
20160903,22:17:23, 0,0,0,0
20160903,22:17:43, 0,0,0,0
20160903,22:18:04, 0,0,1,0
20160903,22:18:31, 0,0,1,0
20160903,22:18:54, 0,0,0,0
20160903,22:19:14, 0,0,0,0
20160903,22:19:34, 0,0,0,0
20160903,22:19:59, 0,0,1,0
20160903,22:20:19, 0,0,1,0
20160903,22:20:41, 0,0,0,0
20160903,22:21:01, 0,0,0,0
20160903,22:21:21, 0,0,0,0
20160903,22:21:46, 0,0,1,0
20160903,22:22:06, 0,0,1,0
20160903,22:22:30, 0,0,0,0
20160903,22:22:50, 0,0,0,0
20160903,22:23:10, 0,0,0,0
20160903,22:23:35, 0,0,1,0
20160903,22:23:55, 0,0,1,0
20160903,22:24:20, 0,0,0,0
20160903,22:24:40, 0,0,0,0
20160903,22:25:00, 0,0,0,0
20160903,22:25:24, 0,0,1,0
20160903,22:25:45, 0,0,1,0
20160903,22:26:10, 0,0,0,0
20160903,22:26:30, 0,0,0,0
20160903,22:26:50, 0,0,0,0
20160903,22:27:11, 0,0,1,0
20160903,22:27:34, 0,0,1,0
20160903,22:27:58, 0,0,0,0
20160903,22:28:18, 0,0,0,0
